This is pdfTeX, Version 3.14159265-2.6-1.40.20 (TeX Live 2019/Debian) (preloaded format=pdflatex 2020.11.22)  26 NOV 2020 01:11
entering extended mode
 restricted \write18 enabled.
 %&-line parsing enabled.
**StochAn_report.tex
(./StochAn_report.tex
LaTeX2e <2020-02-02> patch level 2
L3 programming layer <2020-02-14>
(/usr/share/texlive/texmf-dist/tex/latex/base/article.cls
Document Class: article 2019/12/20 v1.4l Standard LaTeX document class
(/usr/share/texlive/texmf-dist/tex/latex/base/size10.clo
File: size10.clo 2019/12/20 v1.4l Standard LaTeX file (size option)
)
\c@part=\count167
\c@section=\count168
\c@subsection=\count169
\c@subsubsection=\count170
\c@paragraph=\count171
\c@subparagraph=\count172
\c@figure=\count173
\c@table=\count174
\abovecaptionskip=\skip47
\belowcaptionskip=\skip48
\bibindent=\dimen134
)
(/usr/share/texlive/texmf-dist/tex/latex/base/inputenc.sty
Package: inputenc 2018/08/11 v1.3c Input encoding file
\inpenc@prehook=\toks14
\inpenc@posthook=\toks15
)
(/usr/share/texlive/texmf-dist/tex/generic/babel/babel.sty
Package: babel 2020/02/14 3.40 The Babel package

(/usr/share/texlive/texmf-dist/tex/generic/babel/switch.def
File: switch.def 2020/02/14 3.40 Babel switching mechanism
)
(/usr/share/texlive/texmf-dist/tex/generic/babel-russian/russianb.ldf
Language: russian 2017/08/12 1.3j Russian support for the Babel system

(/usr/share/texlive/texmf-dist/tex/generic/babel/babel.def
File: babel.def 2020/02/14 3.40 Babel common definitions
\babel@savecnt=\count175
\U@D=\dimen135

(/usr/share/texlive/texmf-dist/tex/generic/babel/txtbabel.def)
\bbl@readstream=\read2
\bbl@dirlevel=\count176
)

Package babel Warning: No Cyrillic font encoding has been loaded so far.
(babel)                A font encoding should be declared before babel.
(babel)                Default `T2A' encoding will be loaded  on input line 74.


(/usr/share/texlive/texmf-dist/tex/latex/cyrillic/t2aenc.def
File: t2aenc.def 2005/09/27 v1.0i Cyrillic encoding definition file
Now handling font encoding T2A ...
... processing UTF-8 mapping file for font encoding T2A

(/usr/share/texlive/texmf-dist/tex/latex/base/t2aenc.dfu
File: t2aenc.dfu 2019/11/14 v1.2k UTF-8 support for inputenc
   defining Unicode char U+00A4 (decimal 164)
   defining Unicode char U+00A7 (decimal 167)
   defining Unicode char U+00AB (decimal 171)
   defining Unicode char U+00BB (decimal 187)
   defining Unicode char U+0131 (decimal 305)
   defining Unicode char U+0237 (decimal 567)
   defining Unicode char U+0400 (decimal 1024)
   defining Unicode char U+0401 (decimal 1025)
   defining Unicode char U+0402 (decimal 1026)
   defining Unicode char U+0403 (decimal 1027)
   defining Unicode char U+0404 (decimal 1028)
   defining Unicode char U+0405 (decimal 1029)
   defining Unicode char U+0406 (decimal 1030)
   defining Unicode char U+0407 (decimal 1031)
   defining Unicode char U+0408 (decimal 1032)
   defining Unicode char U+0409 (decimal 1033)
   defining Unicode char U+040A (decimal 1034)
   defining Unicode char U+040B (decimal 1035)
   defining Unicode char U+040C (decimal 1036)
   defining Unicode char U+040D (decimal 1037)
   defining Unicode char U+040E (decimal 1038)
   defining Unicode char U+040F (decimal 1039)
   defining Unicode char U+0410 (decimal 1040)
   defining Unicode char U+0411 (decimal 1041)
   defining Unicode char U+0412 (decimal 1042)
   defining Unicode char U+0413 (decimal 1043)
   defining Unicode char U+0414 (decimal 1044)
   defining Unicode char U+0415 (decimal 1045)
   defining Unicode char U+0416 (decimal 1046)
   defining Unicode char U+0417 (decimal 1047)
   defining Unicode char U+0418 (decimal 1048)
   defining Unicode char U+0419 (decimal 1049)
   defining Unicode char U+041A (decimal 1050)
   defining Unicode char U+041B (decimal 1051)
   defining Unicode char U+041C (decimal 1052)
   defining Unicode char U+041D (decimal 1053)
   defining Unicode char U+041E (decimal 1054)
   defining Unicode char U+041F (decimal 1055)
   defining Unicode char U+0420 (decimal 1056)
   defining Unicode char U+0421 (decimal 1057)
   defining Unicode char U+0422 (decimal 1058)
   defining Unicode char U+0423 (decimal 1059)
   defining Unicode char U+0424 (decimal 1060)
   defining Unicode char U+0425 (decimal 1061)
   defining Unicode char U+0426 (decimal 1062)
   defining Unicode char U+0427 (decimal 1063)
   defining Unicode char U+0428 (decimal 1064)
   defining Unicode char U+0429 (decimal 1065)
   defining Unicode char U+042A (decimal 1066)
   defining Unicode char U+042B (decimal 1067)
   defining Unicode char U+042C (decimal 1068)
   defining Unicode char U+042D (decimal 1069)
   defining Unicode char U+042E (decimal 1070)
   defining Unicode char U+042F (decimal 1071)
   defining Unicode char U+0430 (decimal 1072)
   defining Unicode char U+0431 (decimal 1073)
   defining Unicode char U+0432 (decimal 1074)
   defining Unicode char U+0433 (decimal 1075)
   defining Unicode char U+0434 (decimal 1076)
   defining Unicode char U+0435 (decimal 1077)
   defining Unicode char U+0436 (decimal 1078)
   defining Unicode char U+0437 (decimal 1079)
   defining Unicode char U+0438 (decimal 1080)
   defining Unicode char U+0439 (decimal 1081)
   defining Unicode char U+043A (decimal 1082)
   defining Unicode char U+043B (decimal 1083)
   defining Unicode char U+043C (decimal 1084)
   defining Unicode char U+043D (decimal 1085)
   defining Unicode char U+043E (decimal 1086)
   defining Unicode char U+043F (decimal 1087)
   defining Unicode char U+0440 (decimal 1088)
   defining Unicode char U+0441 (decimal 1089)
   defining Unicode char U+0442 (decimal 1090)
   defining Unicode char U+0443 (decimal 1091)
   defining Unicode char U+0444 (decimal 1092)
   defining Unicode char U+0445 (decimal 1093)
   defining Unicode char U+0446 (decimal 1094)
   defining Unicode char U+0447 (decimal 1095)
   defining Unicode char U+0448 (decimal 1096)
   defining Unicode char U+0449 (decimal 1097)
   defining Unicode char U+044A (decimal 1098)
   defining Unicode char U+044B (decimal 1099)
   defining Unicode char U+044C (decimal 1100)
   defining Unicode char U+044D (decimal 1101)
   defining Unicode char U+044E (decimal 1102)
   defining Unicode char U+044F (decimal 1103)
   defining Unicode char U+0450 (decimal 1104)
   defining Unicode char U+0451 (decimal 1105)
   defining Unicode char U+0452 (decimal 1106)
   defining Unicode char U+0453 (decimal 1107)
   defining Unicode char U+0454 (decimal 1108)
   defining Unicode char U+0455 (decimal 1109)
   defining Unicode char U+0456 (decimal 1110)
   defining Unicode char U+0457 (decimal 1111)
   defining Unicode char U+0458 (decimal 1112)
   defining Unicode char U+0459 (decimal 1113)
   defining Unicode char U+045A (decimal 1114)
   defining Unicode char U+045B (decimal 1115)
   defining Unicode char U+045C (decimal 1116)
   defining Unicode char U+045D (decimal 1117)
   defining Unicode char U+045E (decimal 1118)
   defining Unicode char U+045F (decimal 1119)
   defining Unicode char U+0490 (decimal 1168)
   defining Unicode char U+0491 (decimal 1169)
   defining Unicode char U+0492 (decimal 1170)
   defining Unicode char U+0493 (decimal 1171)
   defining Unicode char U+0496 (decimal 1174)
   defining Unicode char U+0497 (decimal 1175)
   defining Unicode char U+0498 (decimal 1176)
   defining Unicode char U+0499 (decimal 1177)
   defining Unicode char U+049A (decimal 1178)
   defining Unicode char U+049B (decimal 1179)
   defining Unicode char U+049C (decimal 1180)
   defining Unicode char U+049D (decimal 1181)
   defining Unicode char U+04A0 (decimal 1184)
   defining Unicode char U+04A1 (decimal 1185)
   defining Unicode char U+04A2 (decimal 1186)
   defining Unicode char U+04A3 (decimal 1187)
   defining Unicode char U+04A4 (decimal 1188)
   defining Unicode char U+04A5 (decimal 1189)
   defining Unicode char U+04AA (decimal 1194)
   defining Unicode char U+04AB (decimal 1195)
   defining Unicode char U+04AE (decimal 1198)
   defining Unicode char U+04AF (decimal 1199)
   defining Unicode char U+04B0 (decimal 1200)
   defining Unicode char U+04B1 (decimal 1201)
   defining Unicode char U+04B2 (decimal 1202)
   defining Unicode char U+04B3 (decimal 1203)
   defining Unicode char U+04B6 (decimal 1206)
   defining Unicode char U+04B7 (decimal 1207)
   defining Unicode char U+04B8 (decimal 1208)
   defining Unicode char U+04B9 (decimal 1209)
   defining Unicode char U+04BA (decimal 1210)
   defining Unicode char U+04BB (decimal 1211)
   defining Unicode char U+04C0 (decimal 1216)
   defining Unicode char U+04C1 (decimal 1217)
   defining Unicode char U+04C2 (decimal 1218)
   defining Unicode char U+04D0 (decimal 1232)
   defining Unicode char U+04D1 (decimal 1233)
   defining Unicode char U+04D2 (decimal 1234)
   defining Unicode char U+04D3 (decimal 1235)
   defining Unicode char U+04D4 (decimal 1236)
   defining Unicode char U+04D5 (decimal 1237)
   defining Unicode char U+04D6 (decimal 1238)
   defining Unicode char U+04D7 (decimal 1239)
   defining Unicode char U+04D8 (decimal 1240)
   defining Unicode char U+04D9 (decimal 1241)
   defining Unicode char U+04DA (decimal 1242)
   defining Unicode char U+04DB (decimal 1243)
   defining Unicode char U+04DC (decimal 1244)
   defining Unicode char U+04DD (decimal 1245)
   defining Unicode char U+04DE (decimal 1246)
   defining Unicode char U+04DF (decimal 1247)
   defining Unicode char U+04E2 (decimal 1250)
   defining Unicode char U+04E3 (decimal 1251)
   defining Unicode char U+04E4 (decimal 1252)
   defining Unicode char U+04E5 (decimal 1253)
   defining Unicode char U+04E6 (decimal 1254)
   defining Unicode char U+04E7 (decimal 1255)
   defining Unicode char U+04E8 (decimal 1256)
   defining Unicode char U+04E9 (decimal 1257)
   defining Unicode char U+04EC (decimal 1260)
   defining Unicode char U+04ED (decimal 1261)
   defining Unicode char U+04EE (decimal 1262)
   defining Unicode char U+04EF (decimal 1263)
   defining Unicode char U+04F0 (decimal 1264)
   defining Unicode char U+04F1 (decimal 1265)
   defining Unicode char U+04F2 (decimal 1266)
   defining Unicode char U+04F3 (decimal 1267)
   defining Unicode char U+04F4 (decimal 1268)
   defining Unicode char U+04F5 (decimal 1269)
   defining Unicode char U+04F8 (decimal 1272)
   defining Unicode char U+04F9 (decimal 1273)
   defining Unicode char U+200C (decimal 8204)
   defining Unicode char U+2013 (decimal 8211)
   defining Unicode char U+2014 (decimal 8212)
   defining Unicode char U+2018 (decimal 8216)
   defining Unicode char U+2019 (decimal 8217)
   defining Unicode char U+201C (decimal 8220)
   defining Unicode char U+201D (decimal 8221)
   defining Unicode char U+201E (decimal 8222)
   defining Unicode char U+2030 (decimal 8240)
   defining Unicode char U+2031 (decimal 8241)
   defining Unicode char U+2116 (decimal 8470)
   defining Unicode char U+2329 (decimal 9001)
   defining Unicode char U+232A (decimal 9002)
   defining Unicode char U+2423 (decimal 9251)
   defining Unicode char U+27E8 (decimal 10216)
   defining Unicode char U+27E9 (decimal 10217)
   defining Unicode char U+FB00 (decimal 64256)
   defining Unicode char U+FB01 (decimal 64257)
   defining Unicode char U+FB02 (decimal 64258)
   defining Unicode char U+FB03 (decimal 64259)
   defining Unicode char U+FB04 (decimal 64260)
   defining Unicode char U+FB05 (decimal 64261)
   defining Unicode char U+FB06 (decimal 64262)
))
Package babel Info: Making " an active character on input line 120.
Package babel Info: Default for \cyrdash is provided on input line 157.
))
(/usr/share/texlive/texmf-dist/tex/latex/a4wide/a4wide.sty
Package: a4wide 1994/08/30

(/usr/share/texlive/texmf-dist/tex/latex/ntgclass/a4.sty
Package: a4 2004/04/15 v1.2g A4 based page layout
))
(/usr/share/texlive/texmf-dist/tex/latex/graphics/graphicx.sty
Package: graphicx 2019/11/30 v1.2a Enhanced LaTeX Graphics (DPC,SPQR)

(/usr/share/texlive/texmf-dist/tex/latex/graphics/keyval.sty
Package: keyval 2014/10/28 v1.15 key=value parser (DPC)
\KV@toks@=\toks16
)
(/usr/share/texlive/texmf-dist/tex/latex/graphics/graphics.sty
Package: graphics 2019/11/30 v1.4a Standard LaTeX Graphics (DPC,SPQR)

(/usr/share/texlive/texmf-dist/tex/latex/graphics/trig.sty
Package: trig 2016/01/03 v1.10 sin cos tan (DPC)
)
(/usr/share/texlive/texmf-dist/tex/latex/graphics-cfg/graphics.cfg
File: graphics.cfg 2016/06/04 v1.11 sample graphics configuration
)
Package graphics Info: Driver file: pdftex.def on input line 105.

(/usr/share/texlive/texmf-dist/tex/latex/graphics-def/pdftex.def
File: pdftex.def 2018/01/08 v1.0l Graphics/color driver for pdftex
))
\Gin@req@height=\dimen136
\Gin@req@width=\dimen137
)
(/usr/share/texlive/texmf-dist/tex/latex/amsmath/amsmath.sty
Package: amsmath 2020/01/20 v2.17e AMS math features
\@mathmargin=\skip49

For additional information on amsmath, use the `?' option.
(/usr/share/texlive/texmf-dist/tex/latex/amsmath/amstext.sty
Package: amstext 2000/06/29 v2.01 AMS text

(/usr/share/texlive/texmf-dist/tex/latex/amsmath/amsgen.sty
File: amsgen.sty 1999/11/30 v2.0 generic functions
\@emptytoks=\toks17
\ex@=\dimen138
))
(/usr/share/texlive/texmf-dist/tex/latex/amsmath/amsbsy.sty
Package: amsbsy 1999/11/29 v1.2d Bold Symbols
\pmbraise@=\dimen139
)
(/usr/share/texlive/texmf-dist/tex/latex/amsmath/amsopn.sty
Package: amsopn 2016/03/08 v2.02 operator names
)
\inf@bad=\count177
LaTeX Info: Redefining \frac on input line 227.
\uproot@=\count178
\leftroot@=\count179
LaTeX Info: Redefining \overline on input line 389.
\classnum@=\count180
\DOTSCASE@=\count181
LaTeX Info: Redefining \ldots on input line 486.
LaTeX Info: Redefining \dots on input line 489.
LaTeX Info: Redefining \cdots on input line 610.
\Mathstrutbox@=\box45
\strutbox@=\box46
\big@size=\dimen140
LaTeX Font Info:    Redeclaring font encoding OML on input line 733.
LaTeX Font Info:    Redeclaring font encoding OMS on input line 734.
\macc@depth=\count182
\c@MaxMatrixCols=\count183
\dotsspace@=\muskip16
\c@parentequation=\count184
\dspbrk@lvl=\count185
\tag@help=\toks18
\row@=\count186
\column@=\count187
\maxfields@=\count188
\andhelp@=\toks19
\eqnshift@=\dimen141
\alignsep@=\dimen142
\tagshift@=\dimen143
\tagwidth@=\dimen144
\totwidth@=\dimen145
\lineht@=\dimen146
\@envbody=\toks20
\multlinegap=\skip50
\multlinetaggap=\skip51
\mathdisplay@stack=\toks21
LaTeX Info: Redefining \[ on input line 2859.
LaTeX Info: Redefining \] on input line 2860.
)
(/usr/share/texlive/texmf-dist/tex/latex/amsfonts/amssymb.sty
Package: amssymb 2013/01/14 v3.01 AMS font symbols

(/usr/share/texlive/texmf-dist/tex/latex/amsfonts/amsfonts.sty
Package: amsfonts 2013/01/14 v3.01 Basic AMSFonts support
\symAMSa=\mathgroup4
\symAMSb=\mathgroup5
LaTeX Font Info:    Redeclaring math symbol \hbar on input line 98.
LaTeX Font Info:    Overwriting math alphabet `\mathfrak' in version `bold'
(Font)                  U/euf/m/n --> U/euf/b/n on input line 106.
))
(/usr/share/texlive/texmf-dist/tex/latex/jknapltx/mathrsfs.sty
Package: mathrsfs 1996/01/01 Math RSFS package v1.0 (jk)
\symrsfs=\mathgroup6
)
(/usr/share/texlive/texmf-dist/tex/latex/amscls/amsthm.sty
Package: amsthm 2017/10/31 v2.20.4
\thm@style=\toks22
\thm@bodyfont=\toks23
\thm@headfont=\toks24
\thm@notefont=\toks25
\thm@headpunct=\toks26
\thm@preskip=\skip52
\thm@postskip=\skip53
\thm@headsep=\skip54
\dth@everypar=\toks27
)
(/usr/share/texlive/texmf-dist/tex/latex/import/import.sty
Package: import 2009/03/23  v 5.1
)
(/usr/share/texlive/texmf-dist/tex/latex/xifthen/xifthen.sty
Package: xifthen 2015/11/05 v1.4.0 Extended ifthen features

(/usr/share/texlive/texmf-dist/tex/latex/tools/calc.sty
Package: calc 2017/05/25 v4.3 Infix arithmetic (KKT,FJ)
\calc@Acount=\count189
\calc@Bcount=\count190
\calc@Adimen=\dimen147
\calc@Bdimen=\dimen148
\calc@Askip=\skip55
\calc@Bskip=\skip56
LaTeX Info: Redefining \setlength on input line 80.
LaTeX Info: Redefining \addtolength on input line 81.
\calc@Ccount=\count191
\calc@Cskip=\skip57
)
(/usr/share/texlive/texmf-dist/tex/latex/base/ifthen.sty
Package: ifthen 2014/09/29 v1.1c Standard LaTeX ifthen package (DPC)
)
(/usr/share/texlive/texmf-dist/tex/latex/ifmtarg/ifmtarg.sty
Package: ifmtarg 2018/04/16 v1.2b check for an empty argument
))
(/usr/share/texlive/texmf-dist/tex/latex/pdfpages/pdfpages.sty
Package: pdfpages 2020/01/28 v0.5q Insert pages of external PDF documents (AM)

(/usr/share/texlive/texmf-dist/tex/latex/eso-pic/eso-pic.sty
Package: eso-pic 2018/04/12 v2.0h eso-pic (RN)

(/usr/share/texlive/texmf-dist/tex/generic/atbegshi/atbegshi.sty
Package: atbegshi 2019/12/05 v1.19 At begin shipout hook (HO)

(/usr/share/texlive/texmf-dist/tex/generic/infwarerr/infwarerr.sty
Package: infwarerr 2019/12/03 v1.5 Providing info/warning/error messages (HO)
)
(/usr/share/texlive/texmf-dist/tex/generic/ltxcmds/ltxcmds.sty
Package: ltxcmds 2019/12/15 v1.24 LaTeX kernel commands for general use (HO)
)
(/usr/share/texlive/texmf-dist/tex/generic/iftex/iftex.sty
Package: iftex 2019/11/07 v1.0c TeX engine tests
))
(/usr/share/texlive/texmf-dist/tex/latex/xcolor/xcolor.sty
Package: xcolor 2016/05/11 v2.12 LaTeX color extensions (UK)

(/usr/share/texlive/texmf-dist/tex/latex/graphics-cfg/color.cfg
File: color.cfg 2016/01/02 v1.6 sample color configuration
)
Package xcolor Info: Driver file: pdftex.def on input line 225.
Package xcolor Info: Model `cmy' substituted by `cmy0' on input line 1348.
Package xcolor Info: Model `hsb' substituted by `rgb' on input line 1352.
Package xcolor Info: Model `RGB' extended on input line 1364.
Package xcolor Info: Model `HTML' substituted by `rgb' on input line 1366.
Package xcolor Info: Model `Hsb' substituted by `hsb' on input line 1367.
Package xcolor Info: Model `tHsb' substituted by `hsb' on input line 1368.
Package xcolor Info: Model `HSB' substituted by `hsb' on input line 1369.
Package xcolor Info: Model `Gray' substituted by `gray' on input line 1370.
Package xcolor Info: Model `wave' substituted by `hsb' on input line 1371.
))
\AM@pagewidth=\dimen149
\AM@pageheight=\dimen150

(/usr/share/texlive/texmf-dist/tex/latex/pdfpages/pppdftex.def
File: pppdftex.def 2020/01/28 v0.5q Pdfpages driver for pdfTeX (AM)
)
\AM@pagebox=\box47
\AM@global@opts=\toks28
\AM@pagecnt=\count192
\AM@toc@title=\toks29
\c@AM@survey=\count193
\AM@templatesizebox=\box48
)
(/usr/share/texlive/texmf-dist/tex/latex/transparent/transparent.sty
Package: transparent 2019/11/29 v1.4 Transparency via pdfTeX's color stack (HO)


(/usr/share/texlive/texmf-dist/tex/latex/auxhook/auxhook.sty
Package: auxhook 2019-12-17 v1.6 Hooks for auxiliary files (HO)
))
(/usr/share/texlive/texmf-dist/tex/latex/tools/multicol.sty
Package: multicol 2019/12/09 v1.8y multicolumn formatting (FMi)
\c@tracingmulticols=\count194
\mult@box=\box49
\multicol@leftmargin=\dimen151
\c@unbalance=\count195
\c@collectmore=\count196
\doublecol@number=\count197
\multicoltolerance=\count198
\multicolpretolerance=\count199
\full@width=\dimen152
\page@free=\dimen153
\premulticols=\dimen154
\postmulticols=\dimen155
\multicolsep=\skip58
\multicolbaselineskip=\skip59
\partial@page=\box50
\last@line=\box51
\maxbalancingoverflow=\dimen156
\mult@rightbox=\box52
\mult@grightbox=\box53
\mult@gfirstbox=\box54
\mult@firstbox=\box55
\@tempa=\box56
\@tempa=\box57
\@tempa=\box58
\@tempa=\box59
\@tempa=\box60
\@tempa=\box61
\@tempa=\box62
\@tempa=\box63
\@tempa=\box64
\@tempa=\box65
\@tempa=\box66
\@tempa=\box67
\@tempa=\box68
\@tempa=\box69
\@tempa=\box70
\@tempa=\box71
\@tempa=\box72
\@tempa=\box73
\@tempa=\box74
\@tempa=\box75
\@tempa=\box76
\@tempa=\box77
\@tempa=\box78
\@tempa=\box79
\@tempa=\box80
\@tempa=\box81
\@tempa=\box82
\@tempa=\box83
\@tempa=\box84
\@tempa=\box85
\@tempa=\box86
\@tempa=\box87
\@tempa=\box88
\@tempa=\box89
\@tempa=\box90
\@tempa=\box91
\@tempa=\box92
\c@minrows=\count266
\c@columnbadness=\count267
\c@finalcolumnbadness=\count268
\last@try=\dimen157
\multicolovershoot=\dimen158
\multicolundershoot=\dimen159
\mult@nat@firstbox=\box93
\colbreak@box=\box94
\mc@col@check@num=\count269
)
(/usr/share/texlive/texmf-dist/tex/latex/tools/indentfirst.sty
Package: indentfirst 1995/11/23 v1.03 Indent first paragraph (DPC)
)
(/usr/share/texlive/texmf-dist/tex/latex/bbm-macros/bbm.sty
Package: bbm 1999/03/15 V 1.2 provides fonts for set symbols - TH
LaTeX Font Info:    Overwriting math alphabet `\mathbbm' in version `bold'
(Font)                  U/bbm/m/n --> U/bbm/bx/n on input line 33.
LaTeX Font Info:    Overwriting math alphabet `\mathbbmss' in version `bold'
(Font)                  U/bbmss/m/n --> U/bbmss/bx/n on input line 35.
)
\c@Th=\count270
\c@St=\count271
\c@Lem=\count272
\c@Def=\count273
\c@Rem=\count274

(/usr/share/texlive/texmf-dist/tex/latex/l3backend/l3backend-pdfmode.def
File: l3backend-pdfmode.def 2020-02-03 L3 backend support: PDF mode
\l__kernel_color_stack_int=\count275
\l__pdf_internal_box=\box95
)

LaTeX Warning: Unused global option(s):
    [16pt].

(./StochAn_report.aux
LaTeX Font Info:    Trying to load font information for T2A+cmr on input line 5
.

(/usr/share/texlive/texmf-dist/tex/latex/cyrillic/t2acmr.fd
File: t2acmr.fd 2001/08/11 v1.0a Computer Modern Cyrillic font definitions
))
\openout1 = `StochAn_report.aux'.

LaTeX Font Info:    Checking defaults for OML/cmm/m/it on input line 62.
LaTeX Font Info:    ... okay on input line 62.
LaTeX Font Info:    Checking defaults for OMS/cmsy/m/n on input line 62.
LaTeX Font Info:    ... okay on input line 62.
LaTeX Font Info:    Checking defaults for OT1/cmr/m/n on input line 62.
LaTeX Font Info:    ... okay on input line 62.
LaTeX Font Info:    Checking defaults for T1/cmr/m/n on input line 62.
LaTeX Font Info:    ... okay on input line 62.
LaTeX Font Info:    Checking defaults for TS1/cmr/m/n on input line 62.
LaTeX Font Info:    ... okay on input line 62.
LaTeX Font Info:    Checking defaults for OMX/cmex/m/n on input line 62.
LaTeX Font Info:    ... okay on input line 62.
LaTeX Font Info:    Checking defaults for U/cmr/m/n on input line 62.
LaTeX Font Info:    ... okay on input line 62.
LaTeX Font Info:    Checking defaults for T2A/cmr/m/n on input line 62.
LaTeX Font Info:    ... okay on input line 62.

(/usr/share/texlive/texmf-dist/tex/context/base/mkii/supp-pdf.mkii
[Loading MPS to PDF converter (version 2006.09.02).]
\scratchcounter=\count276
\scratchdimen=\dimen160
\scratchbox=\box96
\nofMPsegments=\count277
\nofMParguments=\count278
\everyMPshowfont=\toks30
\MPscratchCnt=\count279
\MPscratchDim=\dimen161
\MPnumerator=\count280
\makeMPintoPDFobject=\count281
\everyMPtoPDFconversion=\toks31
) (/usr/share/texlive/texmf-dist/tex/latex/epstopdf-pkg/epstopdf-base.sty
Package: epstopdf-base 2020-01-24 v2.11 Base part for package epstopdf
Package epstopdf-base Info: Redefining graphics rule for `.eps' on input line 4
85.

(/usr/share/texlive/texmf-dist/tex/latex/latexconfig/epstopdf-sys.cfg
File: epstopdf-sys.cfg 2010/07/13 v1.3 Configuration of (r)epstopdf for TeX Liv
e
))
\AtBeginShipoutBox=\box97

(/usr/share/texlive/texmf-dist/tex/latex/pdflscape/pdflscape.sty
Package: pdflscape 2019/12/05 v0.12 Display of landscape pages in PDF (HO)

(/usr/share/texlive/texmf-dist/tex/latex/graphics/lscape.sty
Package: lscape 2000/10/22 v3.01 Landscape Pages (DPC)
)
Package pdflscape Info: Auto-detected driver: pdftex on input line 81.
)
Package epstopdf Info: Source file: <msu.eps>
(epstopdf)                    date: 2019-11-05 21:23:12
(epstopdf)                    size: 29500 bytes
(epstopdf)             Output file: <msu-eps-converted-to.pdf>
(epstopdf)                    date: 2020-11-22 16:24:43
(epstopdf)                    size: 5678 bytes
(epstopdf)             Command: <repstopdf --outfile=msu-eps-converted-to.pdf m
su.eps>
(epstopdf)             \includegraphics on input line 69.
Package epstopdf Info: Output file is already uptodate.
<msu-eps-converted-to.pdf, id=1, 187.70125pt x 101.37875pt>
File: msu-eps-converted-to.pdf Graphic file (type pdf)
<use msu-eps-converted-to.pdf>
Package pdftex.def Info: msu-eps-converted-to.pdf  used on input line 69.
(pdftex.def)             Requested size: 212.29312pt x 114.66801pt.
 [1

{/var/lib/texmf/fonts/map/pdftex/updmap/pdftex.map} <./msu-eps-converted-to.pdf
>]
(./StochAn_report.toc
LaTeX Font Info:    Trying to load font information for U+msa on input line 3.
 (/usr/share/texlive/texmf-dist/tex/latex/amsfonts/umsa.fd
File: umsa.fd 2013/01/14 v3.01 AMS symbols A
)
LaTeX Font Info:    Trying to load font information for U+msb on input line 3.
 (/usr/share/texlive/texmf-dist/tex/latex/amsfonts/umsb.fd
File: umsb.fd 2013/01/14 v3.01 AMS symbols B
)
LaTeX Font Info:    Trying to load font information for U+rsfs on input line 3.


(/usr/share/texlive/texmf-dist/tex/latex/jknapltx/ursfs.fd
File: ursfs.fd 1998/03/24 rsfs font definition file (jk)
))
\tf@toc=\write3
\openout3 = `StochAn_report.toc'.

 [2] [3]
Overfull \hbox (6.70099pt too wide) in paragraph at lines 140--141
[]\T2A/cmr/m/n/10 Экспоненциальное рас-пре-де-ле-ние лег-ко мо-де-ли-ру-ет-ся п
ри по-мо-щи ме-то-да об-ра-ще-ния функ-
 []

[4]
<1_1.pdf, id=39, 386.26811pt x 263.16693pt>
File: 1_1.pdf Graphic file (type pdf)
<use 1_1.pdf>
Package pdftex.def Info: 1_1.pdf  used on input line 184.
(pdftex.def)             Requested size: 270.38583pt x 184.21559pt.
<1_2.pdf, id=40, 379.88489pt x 263.16693pt>
File: 1_2.pdf Graphic file (type pdf)
<use 1_2.pdf>
Package pdftex.def Info: 1_2.pdf  used on input line 193.
(pdftex.def)             Requested size: 189.94197pt x 131.58315pt.
<1_3.pdf, id=41, 387.22481pt x 263.16693pt>
File: 1_3.pdf Graphic file (type pdf)
<use 1_3.pdf>
Package pdftex.def Info: 1_3.pdf  used on input line 195.
(pdftex.def)             Requested size: 193.61192pt x 131.58315pt.
 [5 <./1_1.pdf>]
<1_4.pdf, id=85, 386.37788pt x 263.16693pt>
File: 1_4.pdf Graphic file (type pdf)
<use 1_4.pdf>
Package pdftex.def Info: 1_4.pdf  used on input line 204.
(pdftex.def)             Requested size: 270.46268pt x 184.21559pt.
<1_5.pdf, id=86, 379.88489pt x 263.16693pt>
File: 1_5.pdf Graphic file (type pdf)
<use 1_5.pdf>
Package pdftex.def Info: 1_5.pdf  used on input line 210.
(pdftex.def)             Requested size: 265.9176pt x 184.21559pt.


LaTeX Warning: `h' float specifier changed to `ht'.

[6 <./1_2.pdf> <./1_3.pdf

pdfTeX warning: /usr/bin/pdflatex (file ./1_3.pdf): PDF inclusion: multiple pdf
s with page group included in a single page
> <./1_4.pdf

pdfTeX warning: /usr/bin/pdflatex (file ./1_4.pdf): PDF inclusion: multiple pdf
s with page group included in a single page
>] [7 <./1_5.pdf>] [8]
<2_1.pdf, id=206, 387.22481pt x 263.16693pt>
File: 2_1.pdf Graphic file (type pdf)
<use 2_1.pdf>
Package pdftex.def Info: 2_1.pdf  used on input line 289.
(pdftex.def)             Requested size: 271.0555pt x 184.21559pt.
<2_2.pdf, id=207, 379.88489pt x 264.50005pt>
File: 2_2.pdf Graphic file (type pdf)
<use 2_2.pdf>
Package pdftex.def Info: 2_2.pdf  used on input line 302.
(pdftex.def)             Requested size: 189.94197pt x 132.2497pt.
<2_3.pdf, id=208, 386.26811pt x 264.50005pt>
File: 2_3.pdf Graphic file (type pdf)
<use 2_3.pdf>
Package pdftex.def Info: 2_3.pdf  used on input line 304.
(pdftex.def)             Requested size: 193.13358pt x 132.2497pt.


LaTeX Warning: `h' float specifier changed to `ht'.

[9 <./2_1.pdf>] [10 <./2_2.pdf> <./2_3.pdf

pdfTeX warning: /usr/bin/pdflatex (file ./2_3.pdf): PDF inclusion: multiple pdf
s with page group included in a single page
>] [11]
<3_1.pdf, id=315, 379.88489pt x 263.16693pt>
File: 3_1.pdf Graphic file (type pdf)
<use 3_1.pdf>
Package pdftex.def Info: 3_1.pdf  used on input line 396.
(pdftex.def)             Requested size: 189.94197pt x 131.58315pt.
<3_2.pdf, id=316, 390.41641pt x 263.16693pt>
File: 3_2.pdf Graphic file (type pdf)
<use 3_2.pdf>
Package pdftex.def Info: 3_2.pdf  used on input line 398.
(pdftex.def)             Requested size: 195.20772pt x 131.58315pt.


LaTeX Warning: `h' float specifier changed to `ht'.

<3_3.pdf, id=317, 363.91899pt x 263.16693pt>
File: 3_3.pdf Graphic file (type pdf)
<use 3_3.pdf>
Package pdftex.def Info: 3_3.pdf  used on input line 407.
(pdftex.def)             Requested size: 254.74155pt x 184.21559pt.

LaTeX Warning: `h' float specifier changed to `ht'.

[12]
<3_4.pdf, id=321, 379.88489pt x 263.16693pt>
File: 3_4.pdf Graphic file (type pdf)
<use 3_4.pdf>
Package pdftex.def Info: 3_4.pdf  used on input line 426.
(pdftex.def)             Requested size: 265.9176pt x 184.21559pt.


LaTeX Warning: `h' float specifier changed to `ht'.

[13 <./3_1.pdf> <./3_2.pdf

pdfTeX warning: /usr/bin/pdflatex (file ./3_2.pdf): PDF inclusion: multiple pdf
s with page group included in a single page
> <./3_3.pdf

pdfTeX warning: /usr/bin/pdflatex (file ./3_3.pdf): PDF inclusion: multiple pdf
s with page group included in a single page
>] [14 <./3_4.pdf>] [15]
<4_1.pdf, id=444, 379.88489pt x 263.16693pt>
File: 4_1.pdf Graphic file (type pdf)
<use 4_1.pdf>
Package pdftex.def Info: 4_1.pdf  used on input line 498.
(pdftex.def)             Requested size: 265.9176pt x 184.21559pt.
<4_2.pdf, id=445, 384.02534pt x 263.33946pt>
File: 4_2.pdf Graphic file (type pdf)
<use 4_2.pdf>
Package pdftex.def Info: 4_2.pdf  used on input line 504.
(pdftex.def)             Requested size: 192.01219pt x 131.6694pt.
<4_3.pdf, id=446, 384.02534pt x 263.33946pt>
File: 4_3.pdf Graphic file (type pdf)
<use 4_3.pdf>
Package pdftex.def Info: 4_3.pdf  used on input line 506.
(pdftex.def)             Requested size: 192.01219pt x 131.6694pt.


LaTeX Warning: `h' float specifier changed to `ht'.

<4_4.pdf, id=447, 384.02534pt x 263.33946pt>
File: 4_4.pdf Graphic file (type pdf)
<use 4_4.pdf>
Package pdftex.def Info: 4_4.pdf  used on input line 512.
(pdftex.def)             Requested size: 268.8159pt x 184.33635pt.

LaTeX Warning: `h' float specifier changed to `ht'.

[16 <./4_1.pdf>]
<4_5.pdf, id=488, 395.52142pt x 264.67256pt>
File: 4_5.pdf Graphic file (type pdf)
<use 4_5.pdf>
Package pdftex.def Info: 4_5.pdf  used on input line 522.
(pdftex.def)             Requested size: 276.8631pt x 185.26952pt.


LaTeX Warning: `h' float specifier changed to `ht'.

[17 <./4_2.pdf> <./4_3.pdf

pdfTeX warning: /usr/bin/pdflatex (file ./4_3.pdf): PDF inclusion: multiple pdf
s with page group included in a single page
> <./4_4.pdf

pdfTeX warning: /usr/bin/pdflatex (file ./4_4.pdf): PDF inclusion: multiple pdf
s with page group included in a single page
>] [18 <./4_5.pdf>]
<5_1.pdf, id=647, 412.74202pt x 264.50005pt>
File: 5_1.pdf Graphic file (type pdf)
<use 5_1.pdf>
Package pdftex.def Info: 5_1.pdf  used on input line 575.
(pdftex.def)             Requested size: 288.91743pt x 185.14876pt.


LaTeX Warning: `h' float specifier changed to `ht'.

<5_2.pdf, id=648, 379.88489pt x 263.16693pt>
File: 5_2.pdf Graphic file (type pdf)
<use 5_2.pdf>
Package pdftex.def Info: 5_2.pdf  used on input line 583.
(pdftex.def)             Requested size: 265.9176pt x 184.21559pt.

LaTeX Warning: `h' float specifier changed to `ht'.

<5_3.pdf, id=649, 372.3254pt x 264.50005pt>
File: 5_3.pdf Graphic file (type pdf)
<use 5_3.pdf>
Package pdftex.def Info: 5_3.pdf  used on input line 591.
(pdftex.def)             Requested size: 186.16223pt x 132.2497pt.
<5_4.pdf, id=650, 370.3022pt x 264.50005pt>
File: 5_4.pdf Graphic file (type pdf)
<use 5_4.pdf>
Package pdftex.def Info: 5_4.pdf  used on input line 593.
(pdftex.def)             Requested size: 185.15063pt x 132.2497pt.
[19]

LaTeX Warning: `h' float specifier changed to `ht'.

<5_5.pdf, id=655, 363.91899pt x 263.16693pt>
File: 5_5.pdf Graphic file (type pdf)
<use 5_5.pdf>
Package pdftex.def Info: 5_5.pdf  used on input line 601.
(pdftex.def)             Requested size: 181.95905pt x 131.58315pt.
<5_6.pdf, id=656, 379.88489pt x 263.16693pt>
File: 5_6.pdf Graphic file (type pdf)
<use 5_6.pdf>
Package pdftex.def Info: 5_6.pdf  used on input line 603.
(pdftex.def)             Requested size: 189.94197pt x 131.58315pt.

LaTeX Warning: `h' float specifier changed to `ht'.

[20 <./5_1.pdf> <./5_2.pdf

pdfTeX warning: /usr/bin/pdflatex (file ./5_2.pdf): PDF inclusion: multiple pdf
s with page group included in a single page
>] [21 <./5_3.pdf> <./5_4.pdf

pdfTeX warning: /usr/bin/pdflatex (file ./5_4.pdf): PDF inclusion: multiple pdf
s with page group included in a single page
> <./5_5.pdf

pdfTeX warning: /usr/bin/pdflatex (file ./5_5.pdf): PDF inclusion: multiple pdf
s with page group included in a single page
> <./5_6.pdf

pdfTeX warning: /usr/bin/pdflatex (file ./5_6.pdf): PDF inclusion: multiple pdf
s with page group included in a single page
>]

Package amsmath Warning: Foreign command \atopwithdelims;
(amsmath)                \frac or \genfrac should be used instead
(amsmath)                 on input line 652.

[22]
<6_1.pdf, id=849, 376.68542pt x 253.2549pt>
File: 6_1.pdf Graphic file (type pdf)
<use 6_1.pdf>
Package pdftex.def Info: 6_1.pdf  used on input line 668.
(pdftex.def)             Requested size: 376.68451pt x 253.25427pt.
 [23 <./6_1.pdf>]
Overfull \hbox (0.62624pt too wide) in paragraph at lines 685--686
 \T2A/cmr/bx/n/10 Ме-тод слу-чай-но-го по-ис-ка.[] \T2A/cmr/m/n/10 Бу-дем ге-не
-ри-ро-вать $\OML/cmm/m/it/10 n$ \T2A/cmr/m/n/10 рав-но-мер-но рас-пре-де-лен-н
ых по окруж-
 []

[24]
Overfull \hbox (0.82951pt too wide) in paragraph at lines 708--710
\T2A/cmr/m/n/10 Выберем чис-ло ис-пы-та-ний так, что-бы хо-тя бы один эле-мент 
вы-бор-ки ока-зал-ся в $\OML/cmm/m/it/10 ^^N$\T2A/cmr/m/n/10 -окрестности
 []

[25]
<7_1.pdf, id=901, 401.77939pt x 263.16693pt>
File: 7_1.pdf Graphic file (type pdf)
<use 7_1.pdf>
Package pdftex.def Info: 7_1.pdf  used on input line 747.
(pdftex.def)             Requested size: 281.24365pt x 184.21559pt.
<7_2.pdf, id=902, 383.6098pt x 249.44379pt>
File: 7_2.pdf Graphic file (type pdf)
<use 7_2.pdf>
Package pdftex.def Info: 7_2.pdf  used on input line 753.
(pdftex.def)             Requested size: 191.80443pt x 124.72159pt.
<7_3.pdf, id=903, 389.45187pt x 249.44379pt>
File: 7_3.pdf Graphic file (type pdf)
<use 7_3.pdf>
Package pdftex.def Info: 7_3.pdf  used on input line 755.
(pdftex.def)             Requested size: 194.72545pt x 124.72159pt.

Overfull \hbox (6.7737pt too wide) in paragraph at lines 759--760
 \T2A/cmr/bx/n/10 Срав-не-ние сто-ха-сти-че-ских ме-то-дов со стан-дарт-ны-ми м
е-то-да-ми оп-ти-ми-за-ции.[] \T2A/cmr/m/n/10 При-
 []

[26 <./7_1.pdf> <./7_2.pdf

pdfTeX warning: /usr/bin/pdflatex (file ./7_2.pdf): PDF inclusion: multiple pdf
s with page group included in a single page
> <./7_3.pdf

pdfTeX warning: /usr/bin/pdflatex (file ./7_3.pdf): PDF inclusion: multiple pdf
s with page group included in a single page
>] [27]
<8_1.pdf, id=996, 250.39496pt x 243.62723pt>
File: 8_1.pdf Graphic file (type pdf)
<use 8_1.pdf>
Package pdftex.def Info: 8_1.pdf  used on input line 820.
(pdftex.def)             Requested size: 175.27527pt x 170.53789pt.
<8_2.pdf, id=997, 250.39496pt x 243.62723pt>
File: 8_2.pdf Graphic file (type pdf)
<use 8_2.pdf>
Package pdftex.def Info: 8_2.pdf  used on input line 822.
(pdftex.def)             Requested size: 175.27527pt x 170.53789pt.
<8_3.pdf, id=998, 250.39204pt x 243.62723pt>
File: 8_3.pdf Graphic file (type pdf)
<use 8_3.pdf>
Package pdftex.def Info: 8_3.pdf  used on input line 828.
(pdftex.def)             Requested size: 175.27322pt x 170.53789pt.
 [28 <./8_1.pdf> <./8_2.pdf

pdfTeX warning: /usr/bin/pdflatex (file ./8_2.pdf): PDF inclusion: multiple pdf
s with page group included in a single page
> <./8_3.pdf

pdfTeX warning: /usr/bin/pdflatex (file ./8_3.pdf): PDF inclusion: multiple pdf
s with page group included in a single page
>] [29]
Overfull \hbox (3.78137pt too wide) in paragraph at lines 905--907
 \T2A/cmr/bx/n/10 Про-цесс Орнштейна--Уленбека.[] \T2A/cmr/m/n/10 Про-цесс Орнш
тейна--Уленбека --- это ста-ци-о-нар-ный мар-
 []

[30]
<9_1.pdf, id=1039, 381.90807pt x 250.25406pt>
File: 9_1.pdf Graphic file (type pdf)
<use 9_1.pdf>
Package pdftex.def Info: 9_1.pdf  used on input line 955.
(pdftex.def)             Requested size: 267.33382pt x 175.17664pt.
<9_2.pdf, id=1040, 381.90807pt x 249.44379pt>
File: 9_2.pdf Graphic file (type pdf)
<use 9_2.pdf>
Package pdftex.def Info: 9_2.pdf  used on input line 961.
(pdftex.def)             Requested size: 267.33382pt x 174.60945pt.


LaTeX Warning: `h' float specifier changed to `ht'.

<9_3.pdf, id=1041, 372.3254pt x 249.44379pt>
File: 9_3.pdf Graphic file (type pdf)
<use 9_3.pdf>
Package pdftex.def Info: 9_3.pdf  used on input line 967.
(pdftex.def)             Requested size: 260.62599pt x 174.60945pt.

LaTeX Warning: `h' float specifier changed to `ht'.

[31 <./9_1.pdf>] [32 <./9_2.pdf> <./9_3.pdf

pdfTeX warning: /usr/bin/pdflatex (file ./9_3.pdf): PDF inclusion: multiple pdf
s with page group included in a single page
>]
<10_1.pdf, id=1154, 381.90807pt x 249.44379pt>
File: 10_1.pdf Graphic file (type pdf)
<use 10_1.pdf>
Package pdftex.def Info: 10_1.pdf  used on input line 1023.
(pdftex.def)             Requested size: 267.33382pt x 174.60945pt.
<10_2.pdf, id=1155, 388.29129pt x 249.44379pt>
File: 10_2.pdf Graphic file (type pdf)
<use 10_2.pdf>
Package pdftex.def Info: 10_2.pdf  used on input line 1025.
(pdftex.def)             Requested size: 271.80203pt x 174.60945pt.


LaTeX Warning: `h' float specifier changed to `ht'.

<10_3.pdf, id=1156, 381.90807pt x 249.44379pt>
File: 10_3.pdf Graphic file (type pdf)
<use 10_3.pdf>
Package pdftex.def Info: 10_3.pdf  used on input line 1031.
(pdftex.def)             Requested size: 267.33382pt x 174.60945pt.

LaTeX Warning: `h' float specifier changed to `ht'.

[33] [34 <./10_1.pdf> <./10_2.pdf

pdfTeX warning: /usr/bin/pdflatex (file ./10_2.pdf): PDF inclusion: multiple pd
fs with page group included in a single page
>]
<10_4.pdf, id=1227, 388.29129pt x 251.71657pt>
File: 10_4.pdf Graphic file (type pdf)
<use 10_4.pdf>
Package pdftex.def Info: 10_4.pdf  used on input line 1041.
(pdftex.def)             Requested size: 271.80203pt x 176.20038pt.
<10_5.pdf, id=1228, 381.90807pt x 249.44379pt>
File: 10_5.pdf Graphic file (type pdf)
<use 10_5.pdf>
Package pdftex.def Info: 10_5.pdf  used on input line 1046.
(pdftex.def)             Requested size: 267.33382pt x 174.60945pt.


LaTeX Warning: `h' float specifier changed to `ht'.

<10_6.pdf, id=1229, 381.90807pt x 249.44379pt>
File: 10_6.pdf Graphic file (type pdf)
<use 10_6.pdf>
Package pdftex.def Info: 10_6.pdf  used on input line 1052.
(pdftex.def)             Requested size: 267.33382pt x 174.60945pt.

LaTeX Warning: `h' float specifier changed to `ht'.

[35 <./10_3.pdf> <./10_4.pdf

pdfTeX warning: /usr/bin/pdflatex (file ./10_4.pdf): PDF inclusion: multiple pd
fs with page group included in a single page
>] [36 <./10_5.pdf> <./10_6.pdf

pdfTeX warning: /usr/bin/pdflatex (file ./10_6.pdf): PDF inclusion: multiple pd
fs with page group included in a single page
>]
LaTeX Font Info:    Trying to load font information for U+bbm on input line 108
2.
 (/usr/share/texlive/texmf-dist/tex/latex/bbm-macros/ubbm.fd
File: ubbm.fd 1999/03/15 V 1.2 Font definition for bbm font - TH
) [37]
<11_1.pdf, id=1370, 377.64214pt x 263.16693pt>
File: 11_1.pdf Graphic file (type pdf)
<use 11_1.pdf>
Package pdftex.def Info: 11_1.pdf  used on input line 1127.
(pdftex.def)             Requested size: 264.34769pt x 184.21559pt.
<11_2.pdf, id=1371, 393.60803pt x 263.16693pt>
File: 11_2.pdf Graphic file (type pdf)
<use 11_2.pdf>
Package pdftex.def Info: 11_2.pdf  used on input line 1133.
(pdftex.def)             Requested size: 275.52374pt x 184.21559pt.
<11_3.pdf, id=1372, 377.64214pt x 263.16693pt>
File: 11_3.pdf Graphic file (type pdf)
<use 11_3.pdf>
Package pdftex.def Info: 11_3.pdf  used on input line 1139.
(pdftex.def)             Requested size: 264.34769pt x 184.21559pt.
<11_4.pdf, id=1373, 384.02534pt x 263.89923pt>
File: 11_4.pdf Graphic file (type pdf)
<use 11_4.pdf>
Package pdftex.def Info: 11_4.pdf  used on input line 1145.
(pdftex.def)             Requested size: 268.8159pt x 184.7282pt.
<11_5.pdf, id=1374, 384.02534pt x 263.16693pt>
File: 11_5.pdf Graphic file (type pdf)
<use 11_5.pdf>
Package pdftex.def Info: 11_5.pdf  used on input line 1155.
(pdftex.def)             Requested size: 268.8159pt x 184.21559pt.
<11_6.pdf, id=1375, 384.02534pt x 263.94931pt>
File: 11_6.pdf Graphic file (type pdf)
<use 11_6.pdf>
Package pdftex.def Info: 11_6.pdf  used on input line 1161.
(pdftex.def)             Requested size: 268.8159pt x 184.76324pt.
<11_7.pdf, id=1376, 390.40857pt x 263.16693pt>
File: 11_7.pdf Graphic file (type pdf)
<use 11_7.pdf>
Package pdftex.def Info: 11_7.pdf  used on input line 1167.
(pdftex.def)             Requested size: 273.28413pt x 184.21559pt.
<11_8.pdf, id=1377, 390.40857pt x 263.16693pt>
File: 11_8.pdf Graphic file (type pdf)
<use 11_8.pdf>
Package pdftex.def Info: 11_8.pdf  used on input line 1173.
(pdftex.def)             Requested size: 273.28413pt x 184.21559pt.
 [38]
[39 <./11_1.pdf> <./11_2.pdf

pdfTeX warning: /usr/bin/pdflatex (file ./11_2.pdf): PDF inclusion: multiple pd
fs with page group included in a single page
> <./11_3.pdf

pdfTeX warning: /usr/bin/pdflatex (file ./11_3.pdf): PDF inclusion: multiple pd
fs with page group included in a single page
>] [40 <./11_4.pdf> <./11_5.pdf

pdfTeX warning: /usr/bin/pdflatex (file ./11_5.pdf): PDF inclusion: multiple pd
fs with page group included in a single page
> <./11_6.pdf

pdfTeX warning: /usr/bin/pdflatex (file ./11_6.pdf): PDF inclusion: multiple pd
fs with page group included in a single page
>] [41 <./11_7.pdf> <./11_8.pdf

pdfTeX warning: /usr/bin/pdflatex (file ./11_8.pdf): PDF inclusion: multiple pd
fs with page group included in a single page
>] [42] (./StochAn_report.aux) ) 
Here is how much of TeX's memory you used:
 5859 strings out of 481239
 78430 string characters out of 5920376
 331605 words of memory out of 5000000
 20926 multiletter control sequences out of 15000+600000
 552663 words of font info for 70 fonts, out of 8000000 for 9000
 1141 hyphenation exceptions out of 8191
 40i,8n,45p,1117b,260s stack positions out of 5000i,500n,10000p,200000b,80000s
 </home/mr_giraffe/.texlive2019/texmf-var/fonts
/pk/ljfour/public/bbm/bbm10.600pk>{/usr/share/texmf/fonts/enc/dvips/cm-super/cm
-super-t2a.enc}{/usr/share/texmf/fonts/enc/dvips/cm-super/cm-super-ts1.enc}</us
r/share/texlive/texmf-dist/fonts/type1/public/amsfonts/cm/cmex10.pfb></usr/shar
e/texlive/texmf-dist/fonts/type1/public/amsfonts/cmextra/cmex7.pfb></usr/share/
texlive/texmf-dist/fonts/type1/public/amsfonts/cm/cmmi10.pfb></usr/share/texliv
e/texmf-dist/fonts/type1/public/amsfonts/cm/cmmi5.pfb></usr/share/texlive/texmf
-dist/fonts/type1/public/amsfonts/cm/cmmi7.pfb></usr/share/texlive/texmf-dist/f
onts/type1/public/amsfonts/cm/cmr10.pfb></usr/share/texlive/texmf-dist/fonts/ty
pe1/public/amsfonts/cm/cmr5.pfb></usr/share/texlive/texmf-dist/fonts/type1/publ
ic/amsfonts/cm/cmr7.pfb></usr/share/texlive/texmf-dist/fonts/type1/public/amsfo
nts/cm/cmsy10.pfb></usr/share/texlive/texmf-dist/fonts/type1/public/amsfonts/cm
/cmsy5.pfb></usr/share/texlive/texmf-dist/fonts/type1/public/amsfonts/cm/cmsy7.
pfb></usr/share/texlive/texmf-dist/fonts/type1/public/amsfonts/symbols/msam7.pf
b></usr/share/texlive/texmf-dist/fonts/type1/public/amsfonts/symbols/msbm10.pfb
></usr/share/texlive/texmf-dist/fonts/type1/public/amsfonts/symbols/msbm7.pfb><
/usr/share/texmf/fonts/type1/public/cm-super/sfbx1000.pfb></usr/share/texmf/fon
ts/type1/public/cm-super/sfbx1200.pfb></usr/share/texmf/fonts/type1/public/cm-s
uper/sfbx1440.pfb></usr/share/texmf/fonts/type1/public/cm-super/sfbx1728.pfb></
usr/share/texmf/fonts/type1/public/cm-super/sfcc1000.pfb></usr/share/texmf/font
s/type1/public/cm-super/sfrm0600.pfb></usr/share/texmf/fonts/type1/public/cm-su
per/sfrm0700.pfb></usr/share/texmf/fonts/type1/public/cm-super/sfrm0800.pfb></u
sr/share/texmf/fonts/type1/public/cm-super/sfrm1000.pfb></usr/share/texmf/fonts
/type1/public/cm-super/sfrm1200.pfb></usr/share/texmf/fonts/type1/public/cm-sup
er/sfrm1728.pfb></usr/share/texmf/fonts/type1/public/cm-super/sfti1000.pfb></us
r/share/texmf/fonts/type1/public/cm-super/sfti1200.pfb>
Output written on StochAn_report.pdf (42 pages, 3955016 bytes).
PDF statistics:
 1721 PDF objects out of 1728 (max. 8388607)
 516 compressed objects within 6 object streams
 0 named destinations out of 1000 (max. 500000)
 241 words of extra memory for PDF output out of 10000 (max. 10000000)

